[2025-07-09 22:20:29] This is codeql database create prototype-db --language=javascript --source-root=D:\codeSec\database\prototype
[2025-07-09 22:20:29] Log file was started late.
[2025-07-09 22:20:29] [PROGRESS] database create> Initializing database at D:\codeSec\database\prototype\prototype-db.
[2025-07-09 22:20:29] Running plumbing command: codeql database init --language=javascript --extractor-options-verbosity=1 --qlconfig-file=D:\codeSec\database\prototype\qlconfig.yml --source-root=D:\codeSec\database\prototype --allow-missing-source-root=false --allow-already-existing -- D:\codeSec\database\prototype\prototype-db
[2025-07-09 22:20:29] Calling plumbing command: codeql resolve languages --extractor-options-verbosity=1 --format=betterjson
[2025-07-09 22:20:29] [DETAILS] resolve languages> Scanning for [codeql-extractor.yml] from D:\CodeQL\codeql\.codeqlmanifest.json
[2025-07-09 22:20:29] [DETAILS] resolve languages> Parsing D:\CodeQL\codeql\actions\codeql-extractor.yml.
[2025-07-09 22:20:29] [DETAILS] resolve languages> Parsing D:\CodeQL\codeql\cpp\codeql-extractor.yml.
[2025-07-09 22:20:29] [DETAILS] resolve languages> Parsing D:\CodeQL\codeql\csharp\codeql-extractor.yml.
[2025-07-09 22:20:29] [DETAILS] resolve languages> Parsing D:\CodeQL\codeql\csv\codeql-extractor.yml.
[2025-07-09 22:20:29] [DETAILS] resolve languages> Parsing D:\CodeQL\codeql\go\codeql-extractor.yml.
[2025-07-09 22:20:29] [DETAILS] resolve languages> Parsing D:\CodeQL\codeql\html\codeql-extractor.yml.
[2025-07-09 22:20:29] [DETAILS] resolve languages> Parsing D:\CodeQL\codeql\java\codeql-extractor.yml.
[2025-07-09 22:20:29] [DETAILS] resolve languages> Parsing D:\CodeQL\codeql\javascript\codeql-extractor.yml.
[2025-07-09 22:20:29] [DETAILS] resolve languages> Parsing D:\CodeQL\codeql\properties\codeql-extractor.yml.
[2025-07-09 22:20:29] [DETAILS] resolve languages> Parsing D:\CodeQL\codeql\python\codeql-extractor.yml.
[2025-07-09 22:20:29] [DETAILS] resolve languages> Parsing D:\CodeQL\codeql\ruby\codeql-extractor.yml.
[2025-07-09 22:20:29] [DETAILS] resolve languages> Parsing D:\CodeQL\codeql\swift\codeql-extractor.yml.
[2025-07-09 22:20:29] [DETAILS] resolve languages> Parsing D:\CodeQL\codeql\xml\codeql-extractor.yml.
[2025-07-09 22:20:29] [DETAILS] resolve languages> Parsing D:\CodeQL\codeql\yaml\codeql-extractor.yml.
[2025-07-09 22:20:29] Plumbing command codeql resolve languages completed:
                      {
                        "aliases" : {
                          "c" : "cpp",
                          "c++" : "cpp",
                          "c-c++" : "cpp",
                          "c-cpp" : "cpp",
                          "c#" : "csharp",
                          "java-kotlin" : "java",
                          "kotlin" : "java",
                          "javascript-typescript" : "javascript",
                          "typescript" : "javascript"
                        },
                        "extractors" : {
                          "actions" : [
                            {
                              "extractor_root" : "D:\\CodeQL\\codeql\\actions",
                              "extractor_options" : { }
                            }
                          ],
                          "cpp" : [
                            {
                              "extractor_root" : "D:\\CodeQL\\codeql\\cpp",
                              "extractor_options" : {
                                "scale_timeouts" : {
                                  "title" : "Value to scale compiler introspection timeouts with",
                                  "description" : "The extractor attempts to determine what compiler the source code being extracted is compiled with. To this end the extractor makes additional calls to the compiler, some of which are expected to return within a certain fixed time (either 10s or 15s). On some systems that are under high load this time might be too short, and can be scaled up using this option.\n",
                                  "type" : "string",
                                  "pattern" : "[0-9]+"
                                },
                                "log_verbosity" : {
                                  "title" : "Verbosity of the extractor logging",
                                  "description" : "Set the verbosity of the extractor logging to 'quiet' (0), 'normal' (1), 'chatty' (2), or 'noisy' (3). The default is 'normal'.\n",
                                  "type" : "string",
                                  "pattern" : "[0-3]"
                                }
                              }
                            }
                          ],
                          "csharp" : [
                            {
                              "extractor_root" : "D:\\CodeQL\\codeql\\csharp",
                              "extractor_options" : {
                                "trap" : {
                                  "title" : "Options pertaining to TRAP.",
                                  "description" : "Options pertaining to TRAP.",
                                  "type" : "object",
                                  "properties" : {
                                    "compression" : {
                                      "title" : "Controls compression for the TRAP files written by the extractor.",
                                      "description" : "This option is only intended for use in debugging the extractor. Accepted values are 'brotli' (the default, to write brotli-compressed TRAP), 'gzip', and 'none' (to write uncompressed TRAP).\n",
                                      "type" : "string",
                                      "pattern" : "^(none|gzip|brotli)$"
                                    }
                                  }
                                },
                                "buildless" : {
                                  "title" : "DEPRECATED - Whether to use buildless (standalone) extraction.",
                                  "description" : "DEPRECATED: Use `--build-mode none` instead.\nA value indicating, which type of extraction the autobuilder should perform. If 'true', then the standalone extractor will be used, otherwise tracing extraction will be performed. The default is 'false'. Note that buildless extraction will generally yield less accurate analysis results, and should only be used in cases where it is not possible to build the code (for example if it uses inaccessible dependencies).\n",
                                  "type" : "string",
                                  "pattern" : "^(false|true)$"
                                },
                                "logging" : {
                                  "title" : "Options pertaining to logging.",
                                  "description" : "Options pertaining to logging.",
                                  "type" : "object",
                                  "properties" : {
                                    "verbosity" : {
                                      "title" : "Extractor logging verbosity level.",
                                      "description" : "Controls the level of verbosity of the extractor. The supported levels are (in order of increasing verbosity):\n  - off\n  - errors\n  - warnings\n  - info or progress\n  - debug or progress+\n  - trace or progress++\n  - progress+++\n",
                                      "type" : "string",
                                      "pattern" : "^(off|errors|warnings|(info|progress)|(debug|progress\\+)|(trace|progress\\+\\+)|progress\\+\\+\\+)$"
                                    }
                                  }
                                },
                                "binlog" : {
                                  "title" : "Binlog",
                                  "description" : "[EXPERIMENTAL] The value is a path to the MsBuild binary log file that should be extracted. This option only works when `--build-mode none` is also specified.\n",
                                  "type" : "array"
                                }
                              }
                            }
                          ],
                          "csv" : [
                            {
                              "extractor_root" : "D:\\CodeQL\\codeql\\csv"
                            }
                          ],
                          "go" : [
                            {
                              "extractor_root" : "D:\\CodeQL\\codeql\\go",
                              "extractor_options" : {
                                "extract_tests" : {
                                  "title" : "Whether to include Go test files in the CodeQL database.",
                                  "description" : "A value indicating whether Go test files should be included in the CodeQL database. The default is 'false'.\n",
                                  "type" : "string",
                                  "pattern" : "^(false|true)$"
                                },
                                "extract_vendor_dirs" : {
                                  "title" : "Whether to include Go vendor directories in the CodeQL database.",
                                  "description" : "A value indicating whether Go vendor directories should be included in the CodeQL database. The default is 'false'.\n",
                                  "type" : "string",
                                  "pattern" : "^(false|true)$"
                                }
                              }
                            }
                          ],
                          "html" : [
                            {
                              "extractor_root" : "D:\\CodeQL\\codeql\\html"
                            }
                          ],
                          "java" : [
                            {
                              "extractor_root" : "D:\\CodeQL\\codeql\\java",
                              "extractor_options" : {
                                "exclude" : {
                                  "title" : "A glob excluding files from analysis.",
                                  "description" : "A glob indicating what files to exclude from the analysis. This accepts glob patterns that are supported by Java's 'getPathMatcher' implementation.\n",
                                  "type" : "string"
                                },
                                "add_prefer_source" : {
                                  "title" : "Whether to always prefer source files over class files.",
                                  "description" : "A value indicating whether source files should be preferred over class files. If set to 'true', the extraction adds '-Xprefer:source' to the javac command line. If set to 'false', the extraction uses the default javac behavior ('-Xprefer:newer'). The default is 'true'.\n",
                                  "type" : "string",
                                  "pattern" : "^(false|true)$"
                                },
                                "buildless" : {
                                  "title" : "Whether to use buildless (standalone) extraction (experimental).",
                                  "description" : "A value indicating, which type of extraction the autobuilder should perform. If 'true', then the standalone extractor will be used, otherwise tracing extraction will be performed. The default is 'false'. Note that buildless extraction will generally yield less accurate analysis results, and should only be used in cases where it is not possible to build the code (for example if it uses inaccessible dependencies).\n",
                                  "type" : "string",
                                  "pattern" : "^(false|true)$"
                                },
                                "buildless_dependency_dir" : {
                                  "title" : "The path where buildless (standalone) extraction should keep dependencies.",
                                  "description" : "If set, the buildless (standalone) extractor will store dependencies in this directory.\n",
                                  "type" : "string"
                                },
                                "minimize_dependency_jars" : {
                                  "title" : "Whether to rewrite and minimize downloaded JAR dependencies (experimental).",
                                  "description" : "If 'true', JAR dependencies downloaded during extraction will be rewritten to remove unneeded data, such as method bodies. The default is 'false'.\n",
                                  "type" : "string",
                                  "pattern" : "^(false|true)$"
                                }
                              }
                            }
                          ],
                          "javascript" : [
                            {
                              "extractor_root" : "D:\\CodeQL\\codeql\\javascript",
                              "extractor_options" : {
                                "skip_types" : {
                                  "title" : "Skip type extraction for TypeScript",
                                  "description" : "Whether to skip the extraction of types in a TypeScript application",
                                  "type" : "string",
                                  "pattern" : "^(false|true)$"
                                }
                              }
                            }
                          ],
                          "properties" : [
                            {
                              "extractor_root" : "D:\\CodeQL\\codeql\\properties"
                            }
                          ],
                          "python" : [
                            {
                              "extractor_root" : "D:\\CodeQL\\codeql\\python",
                              "extractor_options" : {
                                "logging" : {
                                  "title" : "Options pertaining to logging.",
                                  "description" : "Options pertaining to logging.",
                                  "type" : "object",
                                  "properties" : {
                                    "verbosity" : {
                                      "title" : "Python extractor logging verbosity level.",
                                      "description" : "Controls the level of verbosity of the CodeQL Python extractor.\nThe supported levels are (in order of increasing verbosity):\n\n  - off\n  - errors\n  - warnings\n  - info or progress\n  - debug or progress+\n  - trace or progress++\n  - progress+++\n",
                                      "type" : "string",
                                      "pattern" : "^(off|errors|warnings|(info|progress)|(debug|progress\\+)|(trace|progress\\+\\+)|progress\\+\\+\\+)$"
                                    }
                                  }
                                },
                                "python_executable_name" : {
                                  "title" : "Controls the name of the Python executable used by the Python extractor.",
                                  "description" : "The Python extractor uses platform-dependent heuristics to determine the name of the Python executable to use. Specifying a value for this option overrides the name of the Python executable used by the extractor. Accepted values are py, python and python3. Use this setting with caution, the Python extractor requires Python 3 to run.\n",
                                  "type" : "string",
                                  "pattern" : "^(py|python|python3)$"
                                }
                              }
                            }
                          ],
                          "ruby" : [
                            {
                              "extractor_root" : "D:\\CodeQL\\codeql\\ruby",
                              "extractor_options" : {
                                "trap" : {
                                  "title" : "Options pertaining to TRAP.",
                                  "description" : "Options pertaining to TRAP.",
                                  "type" : "object",
                                  "properties" : {
                                    "compression" : {
                                      "title" : "Controls compression for the TRAP files written by the extractor.",
                                      "description" : "This option is only intended for use in debugging the extractor. Accepted values are 'gzip' (the default, to write gzip-compressed TRAP) and 'none' (to write uncompressed TRAP).\n",
                                      "type" : "string",
                                      "pattern" : "^(none|gzip)$"
                                    }
                                  }
                                }
                              }
                            }
                          ],
                          "swift" : [
                            {
                              "extractor_root" : "D:\\CodeQL\\codeql\\swift"
                            }
                          ],
                          "xml" : [
                            {
                              "extractor_root" : "D:\\CodeQL\\codeql\\xml"
                            }
                          ],
                          "yaml" : [
                            {
                              "extractor_root" : "D:\\CodeQL\\codeql\\yaml"
                            }
                          ]
                        }
                      }
[2025-07-09 22:20:29] [PROGRESS] database init> Calculating baseline information in D:\codeSec\database\prototype
[2025-07-09 22:20:29] [SPAMMY] database init> Ignoring the following directories when processing baseline information: .git, .hg, .svn.
[2025-07-09 22:20:29] [DETAILS] database init> Running command in D:\codeSec\database\prototype: D:\CodeQL\codeql\tools\win64\scc.exe --by-file --exclude-dir .git,.hg,.svn --format json --no-large --no-min .
[2025-07-09 22:20:29] Using configure-baseline script D:\CodeQL\codeql\javascript\tools\configure-baseline.cmd.
[2025-07-09 22:20:30] [PROGRESS] database init> Running command in D:\codeSec\database\prototype: [D:\CodeQL\codeql\javascript\tools\configure-baseline.cmd]
[2025-07-09 22:20:30] [SPAMMY] database init> Found 30 baseline files for javascript.
[2025-07-09 22:20:30] [PROGRESS] database init> Calculated baseline information for languages: javascript (150ms).
[2025-07-09 22:20:30] [PROGRESS] database init> Resolving extractor javascript.
[2025-07-09 22:20:30] [DETAILS] database init> Found candidate extractor root for javascript: D:\CodeQL\codeql\javascript.
[2025-07-09 22:20:30] [PROGRESS] database init> Successfully loaded extractor JavaScript/TypeScript (javascript) from D:\CodeQL\codeql\javascript.
[2025-07-09 22:20:30] [PROGRESS] database init> Created skeleton CodeQL database at D:\codeSec\database\prototype\prototype-db. This in-progress database is ready to be populated by an extractor.
[2025-07-09 22:20:30] Plumbing command codeql database init completed.
[2025-07-09 22:20:30] [PROGRESS] database create> Running build command: []
[2025-07-09 22:20:30] Running plumbing command: codeql database trace-command --working-dir=D:\codeSec\database\prototype --index-traceless-dbs --no-db-cluster -- D:\codeSec\database\prototype\prototype-db
[2025-07-09 22:20:30] Using autobuild script D:\CodeQL\codeql\javascript\tools\autobuild.cmd.
[2025-07-09 22:20:30] [PROGRESS] database trace-command> Running command in D:\codeSec\database\prototype: [D:\CodeQL\codeql\javascript\tools\autobuild.cmd]
[2025-07-09 22:20:30] [build-stdout] Single-threaded extraction.
[2025-07-09 22:20:30] [build-stdout] Extracting D:\codeSec\database\prototype\fix\ds_fix_10.js
[2025-07-09 22:20:30] [build-stdout] Done extracting D:\codeSec\database\prototype\fix\ds_fix_10.js (196 ms)
[2025-07-09 22:20:30] [build-stdout] Extracting D:\codeSec\database\prototype\fix\ds_fix_6.js
[2025-07-09 22:20:30] [build-stdout] Done extracting D:\codeSec\database\prototype\fix\ds_fix_6.js (36 ms)
[2025-07-09 22:20:30] [build-stdout] Extracting D:\codeSec\database\prototype\fix\ds_fix_7.js
[2025-07-09 22:20:30] [build-stdout] Done extracting D:\codeSec\database\prototype\fix\ds_fix_7.js (21 ms)
[2025-07-09 22:20:30] [build-stdout] Extracting D:\codeSec\database\prototype\fix\ds_fix_8.js
[2025-07-09 22:20:30] [build-stdout] Done extracting D:\codeSec\database\prototype\fix\ds_fix_8.js (28 ms)
[2025-07-09 22:20:30] [build-stdout] Extracting D:\codeSec\database\prototype\fix\ds_fix_9.js
[2025-07-09 22:20:30] [build-stdout] Done extracting D:\codeSec\database\prototype\fix\ds_fix_9.js (66 ms)
[2025-07-09 22:20:30] [build-stdout] Extracting D:\codeSec\database\prototype\fix\gpt_fix_1.js
[2025-07-09 22:20:30] [build-stdout] Done extracting D:\codeSec\database\prototype\fix\gpt_fix_1.js (18 ms)
[2025-07-09 22:20:30] [build-stdout] Extracting D:\codeSec\database\prototype\fix\gpt_fix_2.js
[2025-07-09 22:20:30] [build-stdout] Done extracting D:\codeSec\database\prototype\fix\gpt_fix_2.js (21 ms)
[2025-07-09 22:20:30] [build-stdout] Extracting D:\codeSec\database\prototype\fix\gpt_fix_3.js
[2025-07-09 22:20:30] [build-stdout] Done extracting D:\codeSec\database\prototype\fix\gpt_fix_3.js (20 ms)
[2025-07-09 22:20:30] [build-stdout] Extracting D:\codeSec\database\prototype\fix\gpt_fix_4.js
[2025-07-09 22:20:31] [build-stdout] Done extracting D:\codeSec\database\prototype\fix\gpt_fix_4.js (21 ms)
[2025-07-09 22:20:31] [build-stdout] Extracting D:\codeSec\database\prototype\fix\gpt_fix_5.js
[2025-07-09 22:20:31] [build-stdout] Done extracting D:\codeSec\database\prototype\fix\gpt_fix_5.js (16 ms)
[2025-07-09 22:20:31] [build-stdout] Extracting D:\codeSec\database\prototype\sec\ds_sec_10.js
[2025-07-09 22:20:31] [build-stdout] Done extracting D:\codeSec\database\prototype\sec\ds_sec_10.js (21 ms)
[2025-07-09 22:20:31] [build-stdout] Extracting D:\codeSec\database\prototype\sec\ds_sec_6.js
[2025-07-09 22:20:31] [build-stdout] Done extracting D:\codeSec\database\prototype\sec\ds_sec_6.js (25 ms)
[2025-07-09 22:20:31] [build-stdout] Extracting D:\codeSec\database\prototype\sec\ds_sec_7.js
[2025-07-09 22:20:31] [build-stdout] Done extracting D:\codeSec\database\prototype\sec\ds_sec_7.js (26 ms)
[2025-07-09 22:20:31] [build-stdout] Extracting D:\codeSec\database\prototype\sec\ds_sec_8.js
[2025-07-09 22:20:31] [build-stdout] Done extracting D:\codeSec\database\prototype\sec\ds_sec_8.js (27 ms)
[2025-07-09 22:20:31] [build-stdout] Extracting D:\codeSec\database\prototype\sec\ds_sec_9.js
[2025-07-09 22:20:31] [build-stdout] Done extracting D:\codeSec\database\prototype\sec\ds_sec_9.js (41 ms)
[2025-07-09 22:20:31] [build-stdout] Extracting D:\codeSec\database\prototype\sec\gpt_sec_1.js
[2025-07-09 22:20:31] [build-stdout] Done extracting D:\codeSec\database\prototype\sec\gpt_sec_1.js (34 ms)
[2025-07-09 22:20:31] [build-stdout] Extracting D:\codeSec\database\prototype\sec\gpt_sec_2.js
[2025-07-09 22:20:31] [build-stdout] Done extracting D:\codeSec\database\prototype\sec\gpt_sec_2.js (30 ms)
[2025-07-09 22:20:31] [build-stdout] Extracting D:\codeSec\database\prototype\sec\gpt_sec_3.js
[2025-07-09 22:20:31] [build-stdout] Done extracting D:\codeSec\database\prototype\sec\gpt_sec_3.js (22 ms)
[2025-07-09 22:20:31] [build-stdout] Extracting D:\codeSec\database\prototype\sec\gpt_sec_4.js
[2025-07-09 22:20:31] [build-stdout] Done extracting D:\codeSec\database\prototype\sec\gpt_sec_4.js (28 ms)
[2025-07-09 22:20:31] [build-stdout] Extracting D:\codeSec\database\prototype\sec\gpt_sec_5.js
[2025-07-09 22:20:31] [build-stdout] Done extracting D:\codeSec\database\prototype\sec\gpt_sec_5.js (18 ms)
[2025-07-09 22:20:31] [build-stdout] Extracting D:\codeSec\database\prototype\vul\ds_vul_10.js
[2025-07-09 22:20:31] [build-stdout] Done extracting D:\codeSec\database\prototype\vul\ds_vul_10.js (17 ms)
[2025-07-09 22:20:31] [build-stdout] Extracting D:\codeSec\database\prototype\vul\ds_vul_6.js
[2025-07-09 22:20:31] [build-stdout] Done extracting D:\codeSec\database\prototype\vul\ds_vul_6.js (15 ms)
[2025-07-09 22:20:31] [build-stdout] Extracting D:\codeSec\database\prototype\vul\ds_vul_7.js
[2025-07-09 22:20:31] [build-stdout] Done extracting D:\codeSec\database\prototype\vul\ds_vul_7.js (21 ms)
[2025-07-09 22:20:31] [build-stdout] Extracting D:\codeSec\database\prototype\vul\ds_vul_8.js
[2025-07-09 22:20:31] [build-stdout] Done extracting D:\codeSec\database\prototype\vul\ds_vul_8.js (18 ms)
[2025-07-09 22:20:31] [build-stdout] Extracting D:\codeSec\database\prototype\vul\ds_vul_9.js
[2025-07-09 22:20:31] [build-stdout] Done extracting D:\codeSec\database\prototype\vul\ds_vul_9.js (25 ms)
[2025-07-09 22:20:31] [build-stdout] Extracting D:\codeSec\database\prototype\vul\gpt_vul_1.js
[2025-07-09 22:20:31] [build-stdout] Done extracting D:\codeSec\database\prototype\vul\gpt_vul_1.js (13 ms)
[2025-07-09 22:20:31] [build-stdout] Extracting D:\codeSec\database\prototype\vul\gpt_vul_2.js
[2025-07-09 22:20:31] [build-stdout] Done extracting D:\codeSec\database\prototype\vul\gpt_vul_2.js (14 ms)
[2025-07-09 22:20:31] [build-stdout] Extracting D:\codeSec\database\prototype\vul\gpt_vul_3.js
[2025-07-09 22:20:31] [build-stdout] Done extracting D:\codeSec\database\prototype\vul\gpt_vul_3.js (15 ms)
[2025-07-09 22:20:31] [build-stdout] Extracting D:\codeSec\database\prototype\vul\gpt_vul_4.js
[2025-07-09 22:20:31] [build-stdout] Done extracting D:\codeSec\database\prototype\vul\gpt_vul_4.js (14 ms)
[2025-07-09 22:20:31] [build-stdout] Extracting D:\codeSec\database\prototype\vul\gpt_vul_5.js
[2025-07-09 22:20:31] [build-stdout] Done extracting D:\codeSec\database\prototype\vul\gpt_vul_5.js (14 ms)
[2025-07-09 22:20:31] [build-stderr] No externs trap cache found
[2025-07-09 22:20:31] [build-stdout] Extracting D:\CodeQL\codeql\javascript\tools\data\externs\es\es2016.js
[2025-07-09 22:20:31] [build-stdout] Done extracting D:\CodeQL\codeql\javascript\tools\data\externs\es\es2016.js (10 ms)
[2025-07-09 22:20:31] [build-stdout] Extracting D:\CodeQL\codeql\javascript\tools\data\externs\es\es2017.js
[2025-07-09 22:20:31] [build-stdout] Done extracting D:\CodeQL\codeql\javascript\tools\data\externs\es\es2017.js (11 ms)
[2025-07-09 22:20:31] [build-stdout] Extracting D:\CodeQL\codeql\javascript\tools\data\externs\es\es3.js
[2025-07-09 22:20:31] [build-stdout] Done extracting D:\CodeQL\codeql\javascript\tools\data\externs\es\es3.js (176 ms)
[2025-07-09 22:20:31] [build-stdout] Extracting D:\CodeQL\codeql\javascript\tools\data\externs\es\es5.js
[2025-07-09 22:20:31] [build-stdout] Done extracting D:\CodeQL\codeql\javascript\tools\data\externs\es\es5.js (28 ms)
[2025-07-09 22:20:31] [build-stdout] Extracting D:\CodeQL\codeql\javascript\tools\data\externs\es\es6.js
[2025-07-09 22:20:31] [build-stdout] Done extracting D:\CodeQL\codeql\javascript\tools\data\externs\es\es6.js (137 ms)
[2025-07-09 22:20:31] [build-stdout] Extracting D:\CodeQL\codeql\javascript\tools\data\externs\es\es6_collections.js
[2025-07-09 22:20:31] [build-stdout] Done extracting D:\CodeQL\codeql\javascript\tools\data\externs\es\es6_collections.js (17 ms)
[2025-07-09 22:20:31] [build-stdout] Extracting D:\CodeQL\codeql\javascript\tools\data\externs\es\intl.js
[2025-07-09 22:20:31] [build-stdout] Done extracting D:\CodeQL\codeql\javascript\tools\data\externs\es\intl.js (17 ms)
[2025-07-09 22:20:31] [build-stdout] Extracting D:\CodeQL\codeql\javascript\tools\data\externs\es\proxy.js
[2025-07-09 22:20:31] [build-stdout] Done extracting D:\CodeQL\codeql\javascript\tools\data\externs\es\proxy.js (5 ms)
[2025-07-09 22:20:31] [build-stdout] Extracting D:\CodeQL\codeql\javascript\tools\data\externs\lib\bdd.js
[2025-07-09 22:20:31] [build-stdout] Done extracting D:\CodeQL\codeql\javascript\tools\data\externs\lib\bdd.js (12 ms)
[2025-07-09 22:20:31] [build-stdout] Extracting D:\CodeQL\codeql\javascript\tools\data\externs\lib\jquery-3.2.js
[2025-07-09 22:20:32] [build-stdout] Done extracting D:\CodeQL\codeql\javascript\tools\data\externs\lib\jquery-3.2.js (174 ms)
[2025-07-09 22:20:32] [build-stdout] Extracting D:\CodeQL\codeql\javascript\tools\data\externs\lib\should.js
[2025-07-09 22:20:32] [build-stdout] Done extracting D:\CodeQL\codeql\javascript\tools\data\externs\lib\should.js (24 ms)
[2025-07-09 22:20:32] [build-stdout] Extracting D:\CodeQL\codeql\javascript\tools\data\externs\lib\vows.js
[2025-07-09 22:20:32] [build-stdout] Done extracting D:\CodeQL\codeql\javascript\tools\data\externs\lib\vows.js (27 ms)
[2025-07-09 22:20:32] [build-stdout] Extracting D:\CodeQL\codeql\javascript\tools\data\externs\nodejs\assert.js
[2025-07-09 22:20:32] [build-stdout] Done extracting D:\CodeQL\codeql\javascript\tools\data\externs\nodejs\assert.js (16 ms)
[2025-07-09 22:20:32] [build-stdout] Extracting D:\CodeQL\codeql\javascript\tools\data\externs\nodejs\assert_legacy.js
[2025-07-09 22:20:32] [build-stdout] Done extracting D:\CodeQL\codeql\javascript\tools\data\externs\nodejs\assert_legacy.js (4 ms)
[2025-07-09 22:20:32] [build-stdout] Extracting D:\CodeQL\codeql\javascript\tools\data\externs\nodejs\buffer.js
[2025-07-09 22:20:32] [build-stdout] Done extracting D:\CodeQL\codeql\javascript\tools\data\externs\nodejs\buffer.js (14 ms)
[2025-07-09 22:20:32] [build-stdout] Extracting D:\CodeQL\codeql\javascript\tools\data\externs\nodejs\child_process.js
[2025-07-09 22:20:32] [build-stdout] Done extracting D:\CodeQL\codeql\javascript\tools\data\externs\nodejs\child_process.js (63 ms)
[2025-07-09 22:20:32] [build-stdout] Extracting D:\CodeQL\codeql\javascript\tools\data\externs\nodejs\cluster.js
[2025-07-09 22:20:32] [build-stdout] Done extracting D:\CodeQL\codeql\javascript\tools\data\externs\nodejs\cluster.js (90 ms)
[2025-07-09 22:20:32] [build-stdout] Extracting D:\CodeQL\codeql\javascript\tools\data\externs\nodejs\console.js
[2025-07-09 22:20:32] [build-stdout] Done extracting D:\CodeQL\codeql\javascript\tools\data\externs\nodejs\console.js (4 ms)
[2025-07-09 22:20:32] [build-stdout] Extracting D:\CodeQL\codeql\javascript\tools\data\externs\nodejs\constants.js
[2025-07-09 22:20:32] [build-stdout] Done extracting D:\CodeQL\codeql\javascript\tools\data\externs\nodejs\constants.js (106 ms)
[2025-07-09 22:20:32] [build-stdout] Extracting D:\CodeQL\codeql\javascript\tools\data\externs\nodejs\crypto.js
[2025-07-09 22:20:32] [build-stdout] Done extracting D:\CodeQL\codeql\javascript\tools\data\externs\nodejs\crypto.js (73 ms)
[2025-07-09 22:20:32] [build-stdout] Extracting D:\CodeQL\codeql\javascript\tools\data\externs\nodejs\dgram.js
[2025-07-09 22:20:32] [build-stdout] Done extracting D:\CodeQL\codeql\javascript\tools\data\externs\nodejs\dgram.js (18 ms)
[2025-07-09 22:20:32] [build-stdout] Extracting D:\CodeQL\codeql\javascript\tools\data\externs\nodejs\dns.js
[2025-07-09 22:20:32] [build-stdout] Done extracting D:\CodeQL\codeql\javascript\tools\data\externs\nodejs\dns.js (26 ms)
[2025-07-09 22:20:32] [build-stdout] Extracting D:\CodeQL\codeql\javascript\tools\data\externs\nodejs\domain.js
[2025-07-09 22:20:32] [build-stdout] Done extracting D:\CodeQL\codeql\javascript\tools\data\externs\nodejs\domain.js (9 ms)
[2025-07-09 22:20:32] [build-stdout] Extracting D:\CodeQL\codeql\javascript\tools\data\externs\nodejs\events.js
[2025-07-09 22:20:32] [build-stdout] Done extracting D:\CodeQL\codeql\javascript\tools\data\externs\nodejs\events.js (13 ms)
[2025-07-09 22:20:32] [build-stdout] Extracting D:\CodeQL\codeql\javascript\tools\data\externs\nodejs\fs.js
[2025-07-09 22:20:32] [build-stdout] Done extracting D:\CodeQL\codeql\javascript\tools\data\externs\nodejs\fs.js (143 ms)
[2025-07-09 22:20:32] [build-stdout] Extracting D:\CodeQL\codeql\javascript\tools\data\externs\nodejs\globals.js
[2025-07-09 22:20:32] [build-stdout] Done extracting D:\CodeQL\codeql\javascript\tools\data\externs\nodejs\globals.js (144 ms)
[2025-07-09 22:20:32] [build-stdout] Extracting D:\CodeQL\codeql\javascript\tools\data\externs\nodejs\http.js
[2025-07-09 22:20:32] [build-stdout] Done extracting D:\CodeQL\codeql\javascript\tools\data\externs\nodejs\http.js (50 ms)
[2025-07-09 22:20:32] [build-stdout] Extracting D:\CodeQL\codeql\javascript\tools\data\externs\nodejs\https.js
[2025-07-09 22:20:32] [build-stdout] Done extracting D:\CodeQL\codeql\javascript\tools\data\externs\nodejs\https.js (19 ms)
[2025-07-09 22:20:32] [build-stdout] Extracting D:\CodeQL\codeql\javascript\tools\data\externs\nodejs\module.js
[2025-07-09 22:20:32] [build-stdout] Done extracting D:\CodeQL\codeql\javascript\tools\data\externs\nodejs\module.js (8 ms)
[2025-07-09 22:20:32] [build-stdout] Extracting D:\CodeQL\codeql\javascript\tools\data\externs\nodejs\net.js
[2025-07-09 22:20:32] [build-stdout] Done extracting D:\CodeQL\codeql\javascript\tools\data\externs\nodejs\net.js (31 ms)
[2025-07-09 22:20:32] [build-stdout] Extracting D:\CodeQL\codeql\javascript\tools\data\externs\nodejs\os.js
[2025-07-09 22:20:32] [build-stdout] Done extracting D:\CodeQL\codeql\javascript\tools\data\externs\nodejs\os.js (17 ms)
[2025-07-09 22:20:32] [build-stdout] Extracting D:\CodeQL\codeql\javascript\tools\data\externs\nodejs\path.js
[2025-07-09 22:20:33] [build-stdout] Done extracting D:\CodeQL\codeql\javascript\tools\data\externs\nodejs\path.js (19 ms)
[2025-07-09 22:20:33] [build-stdout] Extracting D:\CodeQL\codeql\javascript\tools\data\externs\nodejs\process.js
[2025-07-09 22:20:33] [build-stdout] Done extracting D:\CodeQL\codeql\javascript\tools\data\externs\nodejs\process.js (3 ms)
[2025-07-09 22:20:33] [build-stdout] Extracting D:\CodeQL\codeql\javascript\tools\data\externs\nodejs\punycode.js
[2025-07-09 22:20:33] [build-stdout] Done extracting D:\CodeQL\codeql\javascript\tools\data\externs\nodejs\punycode.js (7 ms)
[2025-07-09 22:20:33] [build-stdout] Extracting D:\CodeQL\codeql\javascript\tools\data\externs\nodejs\querystring.js
[2025-07-09 22:20:33] [build-stdout] Done extracting D:\CodeQL\codeql\javascript\tools\data\externs\nodejs\querystring.js (6 ms)
[2025-07-09 22:20:33] [build-stdout] Extracting D:\CodeQL\codeql\javascript\tools\data\externs\nodejs\readline.js
[2025-07-09 22:20:33] [build-stdout] Done extracting D:\CodeQL\codeql\javascript\tools\data\externs\nodejs\readline.js (13 ms)
[2025-07-09 22:20:33] [build-stdout] Extracting D:\CodeQL\codeql\javascript\tools\data\externs\nodejs\repl.js
[2025-07-09 22:20:33] [build-stdout] Done extracting D:\CodeQL\codeql\javascript\tools\data\externs\nodejs\repl.js (10 ms)
[2025-07-09 22:20:33] [build-stdout] Extracting D:\CodeQL\codeql\javascript\tools\data\externs\nodejs\stream.js
[2025-07-09 22:20:33] [build-stdout] Done extracting D:\CodeQL\codeql\javascript\tools\data\externs\nodejs\stream.js (42 ms)
[2025-07-09 22:20:33] [build-stdout] Extracting D:\CodeQL\codeql\javascript\tools\data\externs\nodejs\string_decoder.js
[2025-07-09 22:20:33] [build-stdout] Done extracting D:\CodeQL\codeql\javascript\tools\data\externs\nodejs\string_decoder.js (5 ms)
[2025-07-09 22:20:33] [build-stdout] Extracting D:\CodeQL\codeql\javascript\tools\data\externs\nodejs\sys.js
[2025-07-09 22:20:33] [build-stdout] Done extracting D:\CodeQL\codeql\javascript\tools\data\externs\nodejs\sys.js (4 ms)
[2025-07-09 22:20:33] [build-stdout] Extracting D:\CodeQL\codeql\javascript\tools\data\externs\nodejs\timers.js
[2025-07-09 22:20:33] [build-stdout] Done extracting D:\CodeQL\codeql\javascript\tools\data\externs\nodejs\timers.js (6 ms)
[2025-07-09 22:20:33] [build-stdout] Extracting D:\CodeQL\codeql\javascript\tools\data\externs\nodejs\tls.js
[2025-07-09 22:20:33] [build-stdout] Done extracting D:\CodeQL\codeql\javascript\tools\data\externs\nodejs\tls.js (25 ms)
[2025-07-09 22:20:33] [build-stdout] Extracting D:\CodeQL\codeql\javascript\tools\data\externs\nodejs\tty.js
[2025-07-09 22:20:33] [build-stdout] Done extracting D:\CodeQL\codeql\javascript\tools\data\externs\nodejs\tty.js (7 ms)
[2025-07-09 22:20:33] [build-stdout] Extracting D:\CodeQL\codeql\javascript\tools\data\externs\nodejs\url.js
[2025-07-09 22:20:33] [build-stdout] Done extracting D:\CodeQL\codeql\javascript\tools\data\externs\nodejs\url.js (10 ms)
[2025-07-09 22:20:33] [build-stdout] Extracting D:\CodeQL\codeql\javascript\tools\data\externs\nodejs\util.js
[2025-07-09 22:20:33] [build-stdout] Done extracting D:\CodeQL\codeql\javascript\tools\data\externs\nodejs\util.js (16 ms)
[2025-07-09 22:20:33] [build-stdout] Extracting D:\CodeQL\codeql\javascript\tools\data\externs\nodejs\v8.js
[2025-07-09 22:20:33] [build-stdout] Done extracting D:\CodeQL\codeql\javascript\tools\data\externs\nodejs\v8.js (5 ms)
[2025-07-09 22:20:33] [build-stdout] Extracting D:\CodeQL\codeql\javascript\tools\data\externs\nodejs\vm.js
[2025-07-09 22:20:33] [build-stdout] Done extracting D:\CodeQL\codeql\javascript\tools\data\externs\nodejs\vm.js (10 ms)
[2025-07-09 22:20:33] [build-stdout] Extracting D:\CodeQL\codeql\javascript\tools\data\externs\nodejs\zlib.js
[2025-07-09 22:20:33] [build-stdout] Done extracting D:\CodeQL\codeql\javascript\tools\data\externs\nodejs\zlib.js (23 ms)
[2025-07-09 22:20:33] [build-stdout] Extracting D:\CodeQL\codeql\javascript\tools\data\externs\vm\jsshell.js
[2025-07-09 22:20:33] [build-stdout] Done extracting D:\CodeQL\codeql\javascript\tools\data\externs\vm\jsshell.js (27 ms)
[2025-07-09 22:20:33] [build-stdout] Extracting D:\CodeQL\codeql\javascript\tools\data\externs\vm\rhino.js
[2025-07-09 22:20:33] [build-stdout] Done extracting D:\CodeQL\codeql\javascript\tools\data\externs\vm\rhino.js (6 ms)
[2025-07-09 22:20:33] [build-stdout] Extracting D:\CodeQL\codeql\javascript\tools\data\externs\vm\spidermonkey.js
[2025-07-09 22:20:33] [build-stdout] Done extracting D:\CodeQL\codeql\javascript\tools\data\externs\vm\spidermonkey.js (3 ms)
[2025-07-09 22:20:33] [build-stdout] Extracting D:\CodeQL\codeql\javascript\tools\data\externs\vm\v8.js
[2025-07-09 22:20:33] [build-stdout] Done extracting D:\CodeQL\codeql\javascript\tools\data\externs\vm\v8.js (6 ms)
[2025-07-09 22:20:33] [build-stdout] Extracting D:\CodeQL\codeql\javascript\tools\data\externs\web\chrome.js
[2025-07-09 22:20:33] [build-stdout] Done extracting D:\CodeQL\codeql\javascript\tools\data\externs\web\chrome.js (21 ms)
[2025-07-09 22:20:33] [build-stdout] Extracting D:\CodeQL\codeql\javascript\tools\data\externs\web\fetchapi.js
[2025-07-09 22:20:33] [build-stdout] Done extracting D:\CodeQL\codeql\javascript\tools\data\externs\web\fetchapi.js (20 ms)
[2025-07-09 22:20:33] [build-stdout] Extracting D:\CodeQL\codeql\javascript\tools\data\externs\web\fileapi.js
[2025-07-09 22:20:33] [build-stdout] Done extracting D:\CodeQL\codeql\javascript\tools\data\externs\web\fileapi.js (39 ms)
[2025-07-09 22:20:33] [build-stdout] Extracting D:\CodeQL\codeql\javascript\tools\data\externs\web\flash.js
[2025-07-09 22:20:33] [build-stdout] Done extracting D:\CodeQL\codeql\javascript\tools\data\externs\web\flash.js (13 ms)
[2025-07-09 22:20:33] [build-stdout] Extracting D:\CodeQL\codeql\javascript\tools\data\externs\web\gecko_css.js
[2025-07-09 22:20:33] [build-stdout] Done extracting D:\CodeQL\codeql\javascript\tools\data\externs\web\gecko_css.js (14 ms)
[2025-07-09 22:20:33] [build-stdout] Extracting D:\CodeQL\codeql\javascript\tools\data\externs\web\gecko_dom.js
[2025-07-09 22:20:33] [build-stdout] Done extracting D:\CodeQL\codeql\javascript\tools\data\externs\web\gecko_dom.js (33 ms)
[2025-07-09 22:20:33] [build-stdout] Extracting D:\CodeQL\codeql\javascript\tools\data\externs\web\gecko_event.js
[2025-07-09 22:20:33] [build-stdout] Done extracting D:\CodeQL\codeql\javascript\tools\data\externs\web\gecko_event.js (7 ms)
[2025-07-09 22:20:33] [build-stdout] Extracting D:\CodeQL\codeql\javascript\tools\data\externs\web\gecko_ext.js
[2025-07-09 22:20:33] [build-stdout] Done extracting D:\CodeQL\codeql\javascript\tools\data\externs\web\gecko_ext.js (2 ms)
[2025-07-09 22:20:33] [build-stdout] Extracting D:\CodeQL\codeql\javascript\tools\data\externs\web\gecko_xml.js
[2025-07-09 22:20:33] [build-stdout] Done extracting D:\CodeQL\codeql\javascript\tools\data\externs\web\gecko_xml.js (5 ms)
[2025-07-09 22:20:33] [build-stdout] Extracting D:\CodeQL\codeql\javascript\tools\data\externs\web\html5.js
[2025-07-09 22:20:33] [build-stdout] Done extracting D:\CodeQL\codeql\javascript\tools\data\externs\web\html5.js (210 ms)
[2025-07-09 22:20:33] [build-stdout] Extracting D:\CodeQL\codeql\javascript\tools\data\externs\web\ie_css.js
[2025-07-09 22:20:33] [build-stdout] Done extracting D:\CodeQL\codeql\javascript\tools\data\externs\web\ie_css.js (10 ms)
[2025-07-09 22:20:33] [build-stdout] Extracting D:\CodeQL\codeql\javascript\tools\data\externs\web\ie_dom.js
[2025-07-09 22:20:33] [build-stdout] Done extracting D:\CodeQL\codeql\javascript\tools\data\externs\web\ie_dom.js (47 ms)
[2025-07-09 22:20:33] [build-stdout] Extracting D:\CodeQL\codeql\javascript\tools\data\externs\web\ie_event.js
[2025-07-09 22:20:33] [build-stdout] Done extracting D:\CodeQL\codeql\javascript\tools\data\externs\web\ie_event.js (11 ms)
[2025-07-09 22:20:33] [build-stdout] Extracting D:\CodeQL\codeql\javascript\tools\data\externs\web\ie_vml.js
[2025-07-09 22:20:33] [build-stdout] Done extracting D:\CodeQL\codeql\javascript\tools\data\externs\web\ie_vml.js (3 ms)
[2025-07-09 22:20:33] [build-stdout] Extracting D:\CodeQL\codeql\javascript\tools\data\externs\web\intl.js
[2025-07-09 22:20:33] [build-stdout] Done extracting D:\CodeQL\codeql\javascript\tools\data\externs\web\intl.js (8 ms)
[2025-07-09 22:20:33] [build-stdout] Extracting D:\CodeQL\codeql\javascript\tools\data\externs\web\iphone.js
[2025-07-09 22:20:33] [build-stdout] Done extracting D:\CodeQL\codeql\javascript\tools\data\externs\web\iphone.js (7 ms)
[2025-07-09 22:20:33] [build-stdout] Extracting D:\CodeQL\codeql\javascript\tools\data\externs\web\mediasource.js
[2025-07-09 22:20:33] [build-stdout] Done extracting D:\CodeQL\codeql\javascript\tools\data\externs\web\mediasource.js (7 ms)
[2025-07-09 22:20:33] [build-stdout] Extracting D:\CodeQL\codeql\javascript\tools\data\externs\web\page_visibility.js
[2025-07-09 22:20:33] [build-stdout] Done extracting D:\CodeQL\codeql\javascript\tools\data\externs\web\page_visibility.js (2 ms)
[2025-07-09 22:20:33] [build-stdout] Extracting D:\CodeQL\codeql\javascript\tools\data\externs\web\streamsapi.js
[2025-07-09 22:20:33] [build-stdout] Done extracting D:\CodeQL\codeql\javascript\tools\data\externs\web\streamsapi.js (20 ms)
[2025-07-09 22:20:33] [build-stdout] Extracting D:\CodeQL\codeql\javascript\tools\data\externs\web\url.js
[2025-07-09 22:20:33] [build-stdout] Done extracting D:\CodeQL\codeql\javascript\tools\data\externs\web\url.js (6 ms)
[2025-07-09 22:20:33] [build-stdout] Extracting D:\CodeQL\codeql\javascript\tools\data\externs\web\w3c_anim_timing.js
[2025-07-09 22:20:33] [build-stdout] Done extracting D:\CodeQL\codeql\javascript\tools\data\externs\web\w3c_anim_timing.js (5 ms)
[2025-07-09 22:20:33] [build-stdout] Extracting D:\CodeQL\codeql\javascript\tools\data\externs\web\w3c_batterystatus.js
[2025-07-09 22:20:33] [build-stdout] Done extracting D:\CodeQL\codeql\javascript\tools\data\externs\web\w3c_batterystatus.js (5 ms)
[2025-07-09 22:20:33] [build-stdout] Extracting D:\CodeQL\codeql\javascript\tools\data\externs\web\w3c_css.js
[2025-07-09 22:20:33] [build-stdout] Done extracting D:\CodeQL\codeql\javascript\tools\data\externs\web\w3c_css.js (100 ms)
[2025-07-09 22:20:33] [build-stdout] Extracting D:\CodeQL\codeql\javascript\tools\data\externs\web\w3c_css3d.js
[2025-07-09 22:20:33] [build-stdout] Done extracting D:\CodeQL\codeql\javascript\tools\data\externs\web\w3c_css3d.js (11 ms)
[2025-07-09 22:20:33] [build-stdout] Extracting D:\CodeQL\codeql\javascript\tools\data\externs\web\w3c_device_sensor_event.js
[2025-07-09 22:20:33] [build-stdout] Done extracting D:\CodeQL\codeql\javascript\tools\data\externs\web\w3c_device_sensor_event.js (10 ms)
[2025-07-09 22:20:33] [build-stdout] Extracting D:\CodeQL\codeql\javascript\tools\data\externs\web\w3c_dom1.js
[2025-07-09 22:20:33] [build-stdout] Done extracting D:\CodeQL\codeql\javascript\tools\data\externs\web\w3c_dom1.js (53 ms)
[2025-07-09 22:20:33] [build-stdout] Extracting D:\CodeQL\codeql\javascript\tools\data\externs\web\w3c_dom2.js
[2025-07-09 22:20:34] [build-stdout] Done extracting D:\CodeQL\codeql\javascript\tools\data\externs\web\w3c_dom2.js (87 ms)
[2025-07-09 22:20:34] [build-stdout] Extracting D:\CodeQL\codeql\javascript\tools\data\externs\web\w3c_dom3.js
[2025-07-09 22:20:34] [build-stdout] Done extracting D:\CodeQL\codeql\javascript\tools\data\externs\web\w3c_dom3.js (38 ms)
[2025-07-09 22:20:34] [build-stdout] Extracting D:\CodeQL\codeql\javascript\tools\data\externs\web\w3c_dom4.js
[2025-07-09 22:20:34] [build-stdout] Done extracting D:\CodeQL\codeql\javascript\tools\data\externs\web\w3c_dom4.js (3 ms)
[2025-07-09 22:20:34] [build-stdout] Extracting D:\CodeQL\codeql\javascript\tools\data\externs\web\w3c_elementtraversal.js
[2025-07-09 22:20:34] [build-stdout] Done extracting D:\CodeQL\codeql\javascript\tools\data\externs\web\w3c_elementtraversal.js (5 ms)
[2025-07-09 22:20:34] [build-stdout] Extracting D:\CodeQL\codeql\javascript\tools\data\externs\web\w3c_encoding.js
[2025-07-09 22:20:34] [build-stdout] Done extracting D:\CodeQL\codeql\javascript\tools\data\externs\web\w3c_encoding.js (4 ms)
[2025-07-09 22:20:34] [build-stdout] Extracting D:\CodeQL\codeql\javascript\tools\data\externs\web\w3c_event.js
[2025-07-09 22:20:34] [build-stdout] Done extracting D:\CodeQL\codeql\javascript\tools\data\externs\web\w3c_event.js (28 ms)
[2025-07-09 22:20:34] [build-stdout] Extracting D:\CodeQL\codeql\javascript\tools\data\externs\web\w3c_event3.js
[2025-07-09 22:20:34] [build-stdout] Done extracting D:\CodeQL\codeql\javascript\tools\data\externs\web\w3c_event3.js (7 ms)
[2025-07-09 22:20:34] [build-stdout] Extracting D:\CodeQL\codeql\javascript\tools\data\externs\web\w3c_gamepad.js
[2025-07-09 22:20:34] [build-stdout] Done extracting D:\CodeQL\codeql\javascript\tools\data\externs\web\w3c_gamepad.js (6 ms)
[2025-07-09 22:20:34] [build-stdout] Extracting D:\CodeQL\codeql\javascript\tools\data\externs\web\w3c_geolocation.js
[2025-07-09 22:20:34] [build-stdout] Done extracting D:\CodeQL\codeql\javascript\tools\data\externs\web\w3c_geolocation.js (10 ms)
[2025-07-09 22:20:34] [build-stdout] Extracting D:\CodeQL\codeql\javascript\tools\data\externs\web\w3c_indexeddb.js
[2025-07-09 22:20:34] [build-stdout] Done extracting D:\CodeQL\codeql\javascript\tools\data\externs\web\w3c_indexeddb.js (33 ms)
[2025-07-09 22:20:34] [build-stdout] Extracting D:\CodeQL\codeql\javascript\tools\data\externs\web\w3c_midi.js
[2025-07-09 22:20:34] [build-stdout] Done extracting D:\CodeQL\codeql\javascript\tools\data\externs\web\w3c_midi.js (13 ms)
[2025-07-09 22:20:34] [build-stdout] Extracting D:\CodeQL\codeql\javascript\tools\data\externs\web\w3c_navigation_timing.js
[2025-07-09 22:20:34] [build-stdout] Done extracting D:\CodeQL\codeql\javascript\tools\data\externs\web\w3c_navigation_timing.js (15 ms)
[2025-07-09 22:20:34] [build-stdout] Extracting D:\CodeQL\codeql\javascript\tools\data\externs\web\w3c_permissions.js
[2025-07-09 22:20:34] [build-stdout] Done extracting D:\CodeQL\codeql\javascript\tools\data\externs\web\w3c_permissions.js (6 ms)
[2025-07-09 22:20:34] [build-stdout] Extracting D:\CodeQL\codeql\javascript\tools\data\externs\web\w3c_pointer_events.js
[2025-07-09 22:20:34] [build-stdout] Done extracting D:\CodeQL\codeql\javascript\tools\data\externs\web\w3c_pointer_events.js (8 ms)
[2025-07-09 22:20:34] [build-stdout] Extracting D:\CodeQL\codeql\javascript\tools\data\externs\web\w3c_range.js
[2025-07-09 22:20:34] [build-stdout] Done extracting D:\CodeQL\codeql\javascript\tools\data\externs\web\w3c_range.js (13 ms)
[2025-07-09 22:20:34] [build-stdout] Extracting D:\CodeQL\codeql\javascript\tools\data\externs\web\w3c_requestidlecallback.js
[2025-07-09 22:20:34] [build-stdout] Done extracting D:\CodeQL\codeql\javascript\tools\data\externs\web\w3c_requestidlecallback.js (4 ms)
[2025-07-09 22:20:34] [build-stdout] Extracting D:\CodeQL\codeql\javascript\tools\data\externs\web\w3c_rtc.js
[2025-07-09 22:20:34] [build-stdout] Done extracting D:\CodeQL\codeql\javascript\tools\data\externs\web\w3c_rtc.js (88 ms)
[2025-07-09 22:20:34] [build-stdout] Extracting D:\CodeQL\codeql\javascript\tools\data\externs\web\w3c_screen_orientation.js
[2025-07-09 22:20:34] [build-stdout] Done extracting D:\CodeQL\codeql\javascript\tools\data\externs\web\w3c_screen_orientation.js (5 ms)
[2025-07-09 22:20:34] [build-stdout] Extracting D:\CodeQL\codeql\javascript\tools\data\externs\web\w3c_selectors.js
[2025-07-09 22:20:34] [build-stdout] Done extracting D:\CodeQL\codeql\javascript\tools\data\externs\web\w3c_selectors.js (6 ms)
[2025-07-09 22:20:34] [build-stdout] Extracting D:\CodeQL\codeql\javascript\tools\data\externs\web\w3c_serviceworker.js
[2025-07-09 22:20:34] [build-stdout] Done extracting D:\CodeQL\codeql\javascript\tools\data\externs\web\w3c_serviceworker.js (26 ms)
[2025-07-09 22:20:34] [build-stdout] Extracting D:\CodeQL\codeql\javascript\tools\data\externs\web\w3c_touch_event.js
[2025-07-09 22:20:34] [build-stdout] Done extracting D:\CodeQL\codeql\javascript\tools\data\externs\web\w3c_touch_event.js (10 ms)
[2025-07-09 22:20:34] [build-stdout] Extracting D:\CodeQL\codeql\javascript\tools\data\externs\web\w3c_webcrypto.js
[2025-07-09 22:20:34] [build-stdout] Done extracting D:\CodeQL\codeql\javascript\tools\data\externs\web\w3c_webcrypto.js (18 ms)
[2025-07-09 22:20:34] [build-stdout] Extracting D:\CodeQL\codeql\javascript\tools\data\externs\web\w3c_xml.js
[2025-07-09 22:20:34] [build-stdout] Done extracting D:\CodeQL\codeql\javascript\tools\data\externs\web\w3c_xml.js (20 ms)
[2025-07-09 22:20:34] [build-stdout] Extracting D:\CodeQL\codeql\javascript\tools\data\externs\web\webgl.js
[2025-07-09 22:20:34] [build-stdout] Done extracting D:\CodeQL\codeql\javascript\tools\data\externs\web\webgl.js (147 ms)
[2025-07-09 22:20:34] [build-stdout] Extracting D:\CodeQL\codeql\javascript\tools\data\externs\web\webkit_css.js
[2025-07-09 22:20:34] [build-stdout] Done extracting D:\CodeQL\codeql\javascript\tools\data\externs\web\webkit_css.js (55 ms)
[2025-07-09 22:20:34] [build-stdout] Extracting D:\CodeQL\codeql\javascript\tools\data\externs\web\webkit_dom.js
[2025-07-09 22:20:34] [build-stdout] Done extracting D:\CodeQL\codeql\javascript\tools\data\externs\web\webkit_dom.js (17 ms)
[2025-07-09 22:20:34] [build-stdout] Extracting D:\CodeQL\codeql\javascript\tools\data\externs\web\webkit_event.js
[2025-07-09 22:20:34] [build-stdout] Done extracting D:\CodeQL\codeql\javascript\tools\data\externs\web\webkit_event.js (3 ms)
[2025-07-09 22:20:34] [build-stdout] Extracting D:\CodeQL\codeql\javascript\tools\data\externs\web\webkit_notifications.js
[2025-07-09 22:20:34] [build-stdout] Done extracting D:\CodeQL\codeql\javascript\tools\data\externs\web\webkit_notifications.js (12 ms)
[2025-07-09 22:20:34] [build-stdout] Extracting D:\CodeQL\codeql\javascript\tools\data\externs\web\webkit_usercontent.js
[2025-07-09 22:20:34] [build-stdout] Done extracting D:\CodeQL\codeql\javascript\tools\data\externs\web\webkit_usercontent.js (4 ms)
[2025-07-09 22:20:34] [build-stdout] Extracting D:\CodeQL\codeql\javascript\tools\data\externs\web\webstorage.js
[2025-07-09 22:20:34] [build-stdout] Done extracting D:\CodeQL\codeql\javascript\tools\data\externs\web\webstorage.js (7 ms)
[2025-07-09 22:20:34] [build-stdout] Extracting D:\CodeQL\codeql\javascript\tools\data\externs\web\whatwg_encoding.js
[2025-07-09 22:20:34] [build-stdout] Done extracting D:\CodeQL\codeql\javascript\tools\data\externs\web\whatwg_encoding.js (6 ms)
[2025-07-09 22:20:34] [build-stdout] Extracting D:\CodeQL\codeql\javascript\tools\data\externs\web\window.js
[2025-07-09 22:20:34] [build-stdout] Done extracting D:\CodeQL\codeql\javascript\tools\data\externs\web\window.js (7 ms)
[2025-07-09 22:20:34] Plumbing command codeql database trace-command completed.
[2025-07-09 22:20:34] [PROGRESS] database create> Finalizing database at D:\codeSec\database\prototype\prototype-db.
[2025-07-09 22:20:34] Running plumbing command: codeql database finalize --no-db-cluster -- D:\codeSec\database\prototype\prototype-db
[2025-07-09 22:20:34] [PROGRESS] database finalize> Running TRAP import for CodeQL database at D:\codeSec\database\prototype\prototype-db...
[2025-07-09 22:20:34] Running plumbing command: codeql dataset import --dbscheme=D:\CodeQL\codeql\javascript\semmlecode.javascript.dbscheme -- D:\codeSec\database\prototype\prototype-db\db-javascript D:\codeSec\database\prototype\prototype-db\trap\javascript
[2025-07-09 22:20:34] Clearing disk cache since the version file D:\codeSec\database\prototype\prototype-db\db-javascript\default\cache\version does not exist
[2025-07-09 22:20:34] Tuple pool not found. Clearing relations with cached strings
[2025-07-09 22:20:34] Trimming disk cache at D:\codeSec\database\prototype\prototype-db\db-javascript\default\cache in mode clear.
[2025-07-09 22:20:34] Sequence stamp origin is -6028814519573358251
[2025-07-09 22:20:34] Pausing evaluation to hard-clear memory at sequence stamp o+0
[2025-07-09 22:20:34] Unpausing evaluation
[2025-07-09 22:20:34] Pausing evaluation to quickly trim disk at sequence stamp o+1
[2025-07-09 22:20:34] Unpausing evaluation
[2025-07-09 22:20:34] Pausing evaluation to zealously trim disk at sequence stamp o+2
[2025-07-09 22:20:34] Unpausing evaluation
[2025-07-09 22:20:34] Trimming completed (7ms): Purged everything.
[2025-07-09 22:20:35] Scanning for files in D:\codeSec\database\prototype\prototype-db\trap\javascript
[2025-07-09 22:20:35] Found 141 TRAP files (9.21 MiB)
[2025-07-09 22:20:35] [PROGRESS] dataset import> Importing TRAP files
[2025-07-09 22:20:35] Importing es2016.js.trap.gz (1 of 141)
[2025-07-09 22:20:35] Importing es2017.js.trap.gz (2 of 141)
[2025-07-09 22:20:35] Importing es3.js.trap.gz (3 of 141)
[2025-07-09 22:20:35] Importing es5.js.trap.gz (4 of 141)
[2025-07-09 22:20:35] Importing es6.js.trap.gz (5 of 141)
[2025-07-09 22:20:35] Importing es6_collections.js.trap.gz (6 of 141)
[2025-07-09 22:20:35] Importing intl.js.trap.gz (7 of 141)
[2025-07-09 22:20:35] Importing proxy.js.trap.gz (8 of 141)
[2025-07-09 22:20:35] Importing bdd.js.trap.gz (9 of 141)
[2025-07-09 22:20:35] Importing jquery-3.2.js.trap.gz (10 of 141)
[2025-07-09 22:20:35] Importing should.js.trap.gz (11 of 141)
[2025-07-09 22:20:35] Importing vows.js.trap.gz (12 of 141)
[2025-07-09 22:20:35] Importing assert.js.trap.gz (13 of 141)
[2025-07-09 22:20:35] Importing assert_legacy.js.trap.gz (14 of 141)
[2025-07-09 22:20:35] Importing buffer.js.trap.gz (15 of 141)
[2025-07-09 22:20:35] Importing child_process.js.trap.gz (16 of 141)
[2025-07-09 22:20:36] Importing cluster.js.trap.gz (17 of 141)
[2025-07-09 22:20:36] Importing console.js.trap.gz (18 of 141)
[2025-07-09 22:20:36] Importing constants.js.trap.gz (19 of 141)
[2025-07-09 22:20:36] Importing crypto.js.trap.gz (20 of 141)
[2025-07-09 22:20:36] Importing dgram.js.trap.gz (21 of 141)
[2025-07-09 22:20:36] Importing dns.js.trap.gz (22 of 141)
[2025-07-09 22:20:36] Importing domain.js.trap.gz (23 of 141)
[2025-07-09 22:20:36] Importing events.js.trap.gz (24 of 141)
[2025-07-09 22:20:36] Importing fs.js.trap.gz (25 of 141)
[2025-07-09 22:20:36] Importing globals.js.trap.gz (26 of 141)
[2025-07-09 22:20:36] Importing http.js.trap.gz (27 of 141)
[2025-07-09 22:20:36] Importing https.js.trap.gz (28 of 141)
[2025-07-09 22:20:36] Importing module.js.trap.gz (29 of 141)
[2025-07-09 22:20:36] Importing net.js.trap.gz (30 of 141)
[2025-07-09 22:20:36] Importing os.js.trap.gz (31 of 141)
[2025-07-09 22:20:36] Importing path.js.trap.gz (32 of 141)
[2025-07-09 22:20:36] Importing process.js.trap.gz (33 of 141)
[2025-07-09 22:20:36] Importing punycode.js.trap.gz (34 of 141)
[2025-07-09 22:20:36] Importing querystring.js.trap.gz (35 of 141)
[2025-07-09 22:20:36] Importing readline.js.trap.gz (36 of 141)
[2025-07-09 22:20:36] Importing repl.js.trap.gz (37 of 141)
[2025-07-09 22:20:36] Importing stream.js.trap.gz (38 of 141)
[2025-07-09 22:20:36] Importing string_decoder.js.trap.gz (39 of 141)
[2025-07-09 22:20:36] Importing sys.js.trap.gz (40 of 141)
[2025-07-09 22:20:36] Importing timers.js.trap.gz (41 of 141)
[2025-07-09 22:20:36] Importing tls.js.trap.gz (42 of 141)
[2025-07-09 22:20:36] Importing tty.js.trap.gz (43 of 141)
[2025-07-09 22:20:36] Importing url.js.trap.gz (44 of 141)
[2025-07-09 22:20:36] Importing util.js.trap.gz (45 of 141)
[2025-07-09 22:20:36] Importing v8.js.trap.gz (46 of 141)
[2025-07-09 22:20:36] Importing vm.js.trap.gz (47 of 141)
[2025-07-09 22:20:36] Importing zlib.js.trap.gz (48 of 141)
[2025-07-09 22:20:36] Importing jsshell.js.trap.gz (49 of 141)
[2025-07-09 22:20:36] Importing rhino.js.trap.gz (50 of 141)
[2025-07-09 22:20:36] Importing spidermonkey.js.trap.gz (51 of 141)
[2025-07-09 22:20:36] Importing v8.js.trap.gz (52 of 141)
[2025-07-09 22:20:36] Importing chrome.js.trap.gz (53 of 141)
[2025-07-09 22:20:36] Importing fetchapi.js.trap.gz (54 of 141)
[2025-07-09 22:20:36] Importing fileapi.js.trap.gz (55 of 141)
[2025-07-09 22:20:36] Importing flash.js.trap.gz (56 of 141)
[2025-07-09 22:20:36] Importing gecko_css.js.trap.gz (57 of 141)
[2025-07-09 22:20:36] Importing gecko_dom.js.trap.gz (58 of 141)
[2025-07-09 22:20:36] Importing gecko_event.js.trap.gz (59 of 141)
[2025-07-09 22:20:36] Importing gecko_ext.js.trap.gz (60 of 141)
[2025-07-09 22:20:36] Importing gecko_xml.js.trap.gz (61 of 141)
[2025-07-09 22:20:36] Importing html5.js.trap.gz (62 of 141)
[2025-07-09 22:20:36] Importing ie_css.js.trap.gz (63 of 141)
[2025-07-09 22:20:36] Importing ie_dom.js.trap.gz (64 of 141)
[2025-07-09 22:20:36] Importing ie_event.js.trap.gz (65 of 141)
[2025-07-09 22:20:36] Importing ie_vml.js.trap.gz (66 of 141)
[2025-07-09 22:20:36] Importing intl.js.trap.gz (67 of 141)
[2025-07-09 22:20:36] Importing iphone.js.trap.gz (68 of 141)
[2025-07-09 22:20:36] Importing mediasource.js.trap.gz (69 of 141)
[2025-07-09 22:20:36] Importing page_visibility.js.trap.gz (70 of 141)
[2025-07-09 22:20:36] Importing streamsapi.js.trap.gz (71 of 141)
[2025-07-09 22:20:36] Importing url.js.trap.gz (72 of 141)
[2025-07-09 22:20:36] Importing w3c_anim_timing.js.trap.gz (73 of 141)
[2025-07-09 22:20:36] Importing w3c_batterystatus.js.trap.gz (74 of 141)
[2025-07-09 22:20:36] Importing w3c_css.js.trap.gz (75 of 141)
[2025-07-09 22:20:37] Importing w3c_css3d.js.trap.gz (76 of 141)
[2025-07-09 22:20:37] Importing w3c_device_sensor_event.js.trap.gz (77 of 141)
[2025-07-09 22:20:37] Importing w3c_dom1.js.trap.gz (78 of 141)
[2025-07-09 22:20:37] Importing w3c_dom2.js.trap.gz (79 of 141)
[2025-07-09 22:20:37] Importing w3c_dom3.js.trap.gz (80 of 141)
[2025-07-09 22:20:37] Importing w3c_dom4.js.trap.gz (81 of 141)
[2025-07-09 22:20:37] Importing w3c_elementtraversal.js.trap.gz (82 of 141)
[2025-07-09 22:20:37] Importing w3c_encoding.js.trap.gz (83 of 141)
[2025-07-09 22:20:37] Importing w3c_event.js.trap.gz (84 of 141)
[2025-07-09 22:20:37] Importing w3c_event3.js.trap.gz (85 of 141)
[2025-07-09 22:20:37] Importing w3c_gamepad.js.trap.gz (86 of 141)
[2025-07-09 22:20:37] Importing w3c_geolocation.js.trap.gz (87 of 141)
[2025-07-09 22:20:37] Importing w3c_indexeddb.js.trap.gz (88 of 141)
[2025-07-09 22:20:37] Importing w3c_midi.js.trap.gz (89 of 141)
[2025-07-09 22:20:37] Importing w3c_navigation_timing.js.trap.gz (90 of 141)
[2025-07-09 22:20:37] Importing w3c_permissions.js.trap.gz (91 of 141)
[2025-07-09 22:20:37] Importing w3c_pointer_events.js.trap.gz (92 of 141)
[2025-07-09 22:20:37] Importing w3c_range.js.trap.gz (93 of 141)
[2025-07-09 22:20:37] Importing w3c_requestidlecallback.js.trap.gz (94 of 141)
[2025-07-09 22:20:37] Importing w3c_rtc.js.trap.gz (95 of 141)
[2025-07-09 22:20:37] Importing w3c_screen_orientation.js.trap.gz (96 of 141)
[2025-07-09 22:20:37] Importing w3c_selectors.js.trap.gz (97 of 141)
[2025-07-09 22:20:37] Importing w3c_serviceworker.js.trap.gz (98 of 141)
[2025-07-09 22:20:37] Importing w3c_touch_event.js.trap.gz (99 of 141)
[2025-07-09 22:20:37] Importing w3c_webcrypto.js.trap.gz (100 of 141)
[2025-07-09 22:20:37] Importing w3c_xml.js.trap.gz (101 of 141)
[2025-07-09 22:20:37] Importing webgl.js.trap.gz (102 of 141)
[2025-07-09 22:20:37] Importing webkit_css.js.trap.gz (103 of 141)
[2025-07-09 22:20:37] Importing webkit_dom.js.trap.gz (104 of 141)
[2025-07-09 22:20:37] Importing webkit_event.js.trap.gz (105 of 141)
[2025-07-09 22:20:37] Importing webkit_notifications.js.trap.gz (106 of 141)
[2025-07-09 22:20:37] Importing webkit_usercontent.js.trap.gz (107 of 141)
[2025-07-09 22:20:37] Importing webstorage.js.trap.gz (108 of 141)
[2025-07-09 22:20:37] Importing whatwg_encoding.js.trap.gz (109 of 141)
[2025-07-09 22:20:37] Importing window.js.trap.gz (110 of 141)
[2025-07-09 22:20:37] Importing ds_fix_10.js.trap.gz (111 of 141)
[2025-07-09 22:20:37] Importing ds_fix_6.js.trap.gz (112 of 141)
[2025-07-09 22:20:37] Importing ds_fix_7.js.trap.gz (113 of 141)
[2025-07-09 22:20:37] Importing ds_fix_8.js.trap.gz (114 of 141)
[2025-07-09 22:20:37] Importing ds_fix_9.js.trap.gz (115 of 141)
[2025-07-09 22:20:37] Importing gpt_fix_1.js.trap.gz (116 of 141)
[2025-07-09 22:20:37] Importing gpt_fix_2.js.trap.gz (117 of 141)
[2025-07-09 22:20:37] Importing gpt_fix_3.js.trap.gz (118 of 141)
[2025-07-09 22:20:37] Importing gpt_fix_4.js.trap.gz (119 of 141)
[2025-07-09 22:20:37] Importing gpt_fix_5.js.trap.gz (120 of 141)
[2025-07-09 22:20:37] Importing ds_sec_10.js.trap.gz (121 of 141)
[2025-07-09 22:20:37] Importing ds_sec_6.js.trap.gz (122 of 141)
[2025-07-09 22:20:37] Importing ds_sec_7.js.trap.gz (123 of 141)
[2025-07-09 22:20:37] Importing ds_sec_8.js.trap.gz (124 of 141)
[2025-07-09 22:20:37] Importing ds_sec_9.js.trap.gz (125 of 141)
[2025-07-09 22:20:37] Importing gpt_sec_1.js.trap.gz (126 of 141)
[2025-07-09 22:20:37] Importing gpt_sec_2.js.trap.gz (127 of 141)
[2025-07-09 22:20:37] Importing gpt_sec_3.js.trap.gz (128 of 141)
[2025-07-09 22:20:37] Importing gpt_sec_4.js.trap.gz (129 of 141)
[2025-07-09 22:20:37] Importing gpt_sec_5.js.trap.gz (130 of 141)
[2025-07-09 22:20:37] Importing ds_vul_10.js.trap.gz (131 of 141)
[2025-07-09 22:20:37] Importing ds_vul_6.js.trap.gz (132 of 141)
[2025-07-09 22:20:37] Importing ds_vul_7.js.trap.gz (133 of 141)
[2025-07-09 22:20:37] Importing ds_vul_8.js.trap.gz (134 of 141)
[2025-07-09 22:20:37] Importing ds_vul_9.js.trap.gz (135 of 141)
[2025-07-09 22:20:37] Importing gpt_vul_1.js.trap.gz (136 of 141)
[2025-07-09 22:20:37] Importing gpt_vul_2.js.trap.gz (137 of 141)
[2025-07-09 22:20:37] Importing gpt_vul_3.js.trap.gz (138 of 141)
[2025-07-09 22:20:37] Importing gpt_vul_4.js.trap.gz (139 of 141)
[2025-07-09 22:20:37] Importing gpt_vul_5.js.trap.gz (140 of 141)
[2025-07-09 22:20:37] Importing metadata.trap.gz (141 of 141)
[2025-07-09 22:20:37] [PROGRESS] dataset import> Merging relations
[2025-07-09 22:20:37] Merging 1 fragment for 'files'.
[2025-07-09 22:20:37] Merged 516 bytes for 'files'.
[2025-07-09 22:20:37] Merging 1 fragment for 'folders'.
[2025-07-09 22:20:37] Merged 77 bytes for 'folders'.
[2025-07-09 22:20:37] Merging 1 fragment for 'containerparent'.
[2025-07-09 22:20:37] Merged 390 bytes for 'containerparent'.
[2025-07-09 22:20:37] Merging 3 fragments for 'locations_default'.
[2025-07-09 22:20:37] Merged 895885 bytes (874.89 KiB) for 'locations_default'.
[2025-07-09 22:20:37] Merging 3 fragments for 'hasLocation'.
[2025-07-09 22:20:37] Merged 576553 bytes (563.04 KiB) for 'hasLocation'.
[2025-07-09 22:20:37] Merging 1 fragment for 'extraction_data'.
[2025-07-09 22:20:37] Merged 636 bytes for 'extraction_data'.
[2025-07-09 22:20:37] Merging 1 fragment for 'scopes'.
[2025-07-09 22:20:37] Merged 4675 bytes (4.57 KiB) for 'scopes'.
[2025-07-09 22:20:37] Merging 1 fragment for 'comments'.
[2025-07-09 22:20:37] Merged 38602 bytes (37.70 KiB) for 'comments'.
[2025-07-09 22:20:37] Merging 1 fragment for 'indentation'.
[2025-07-09 22:20:37] Merged 29417 bytes (28.73 KiB) for 'indentation'.
[2025-07-09 22:20:37] Merging 1 fragment for 'numlines'.
[2025-07-09 22:20:37] Merged 1900 bytes (1.86 KiB) for 'numlines'.
[2025-07-09 22:20:37] Merging 2 fragments for 'tokeninfo'.
[2025-07-09 22:20:37] Merged 512179 bytes (500.17 KiB) for 'tokeninfo'.
[2025-07-09 22:20:37] Merging 1 fragment for 'next_token'.
[2025-07-09 22:20:37] Merged 21121 bytes (20.63 KiB) for 'next_token'.
[2025-07-09 22:20:37] Merging 1 fragment for 'jsdoc'.
[2025-07-09 22:20:37] Merged 20284 bytes (19.81 KiB) for 'jsdoc'.
[2025-07-09 22:20:37] Merging 1 fragment for 'jsdoc_tags'.
[2025-07-09 22:20:37] Merged 95495 bytes (93.26 KiB) for 'jsdoc_tags'.
[2025-07-09 22:20:37] Merging 1 fragment for 'jsdoc_tag_descriptions'.
[2025-07-09 22:20:37] Merged 7324 bytes (7.15 KiB) for 'jsdoc_tag_descriptions'.
[2025-07-09 22:20:37] Merging 1 fragment for 'jsdoc_tag_names'.
[2025-07-09 22:20:37] Merged 14318 bytes (13.98 KiB) for 'jsdoc_tag_names'.
[2025-07-09 22:20:37] Merging 1 fragment for 'jsdoc_type_exprs'.
[2025-07-09 22:20:37] Merged 125620 bytes (122.68 KiB) for 'jsdoc_type_exprs'.
[2025-07-09 22:20:37] Merging 1 fragment for 'toplevels'.
[2025-07-09 22:20:37] Merged 293 bytes for 'toplevels'.
[2025-07-09 22:20:37] Merging 1 fragment for 'stmts'.
[2025-07-09 22:20:37] Merged 111056 bytes (108.45 KiB) for 'stmts'.
[2025-07-09 22:20:37] Merging 1 fragment for 'stmt_containers'.
[2025-07-09 22:20:37] Merged 49731 bytes (48.57 KiB) for 'stmt_containers'.
[2025-07-09 22:20:37] Merging 1 fragment for 'exprs'.
[2025-07-09 22:20:38] Merged 471784 bytes (460.73 KiB) for 'exprs'.
[2025-07-09 22:20:38] Merging 1 fragment for 'enclosing_stmt'.
[2025-07-09 22:20:38] Merged 94828 bytes (92.61 KiB) for 'enclosing_stmt'.
[2025-07-09 22:20:38] Merging 1 fragment for 'expr_containers'.
[2025-07-09 22:20:38] Merged 102862 bytes (100.45 KiB) for 'expr_containers'.
[2025-07-09 22:20:38] Merging 1 fragment for 'literals'.
[2025-07-09 22:20:38] Merged 79783 bytes (77.91 KiB) for 'literals'.
[2025-07-09 22:20:38] Merging 1 fragment for 'variables'.
[2025-07-09 22:20:38] Merged 42947 bytes (41.94 KiB) for 'variables'.
[2025-07-09 22:20:38] Merging 1 fragment for 'bind'.
[2025-07-09 22:20:38] Merged 19526 bytes (19.07 KiB) for 'bind'.
[2025-07-09 22:20:38] Merging 1 fragment for 'scopenodes'.
[2025-07-09 22:20:38] Merged 9014 bytes (8.80 KiB) for 'scopenodes'.
[2025-07-09 22:20:38] Merging 1 fragment for 'scopenesting'.
[2025-07-09 22:20:38] Merged 5303 bytes (5.18 KiB) for 'scopenesting'.
[2025-07-09 22:20:38] Merging 1 fragment for 'decl'.
[2025-07-09 22:20:38] Merged 14787 bytes (14.44 KiB) for 'decl'.
[2025-07-09 22:20:38] Merging 1 fragment for 'is_arguments_object'.
[2025-07-09 22:20:38] Merged 4014 bytes (3.92 KiB) for 'is_arguments_object'.
[2025-07-09 22:20:38] Merging 1 fragment for 'entry_cfg_node'.
[2025-07-09 22:20:38] Merged 9478 bytes (9.26 KiB) for 'entry_cfg_node'.
[2025-07-09 22:20:38] Merging 1 fragment for 'exit_cfg_node'.
[2025-07-09 22:20:38] Merged 9478 bytes (9.26 KiB) for 'exit_cfg_node'.
[2025-07-09 22:20:38] Merging 1 fragment for 'successor'.
[2025-07-09 22:20:38] Merged 190948 bytes (186.47 KiB) for 'successor'.
[2025-07-09 22:20:38] Merging 1 fragment for 'is_externs'.
[2025-07-09 22:20:38] Merged 222 bytes for 'is_externs'.
[2025-07-09 22:20:38] Merging 1 fragment for 'filetype'.
[2025-07-09 22:20:38] Merged 295 bytes for 'filetype'.
[2025-07-09 22:20:38] Merging 1 fragment for 'extraction_time'.
[2025-07-09 22:20:38] Merged 17731 bytes (17.32 KiB) for 'extraction_time'.
[2025-07-09 22:20:38] Merging 1 fragment for 'jsdoc_prefix_qualifier'.
[2025-07-09 22:20:38] Merged 1894 bytes (1.85 KiB) for 'jsdoc_prefix_qualifier'.
[2025-07-09 22:20:38] Merging 1 fragment for 'jsdoc_errors'.
[2025-07-09 22:20:38] Merged 1139 bytes (1.11 KiB) for 'jsdoc_errors'.
[2025-07-09 22:20:38] Merging 1 fragment for 'jsdoc_record_field_name'.
[2025-07-09 22:20:38] Merged 1596 bytes (1.56 KiB) for 'jsdoc_record_field_name'.
[2025-07-09 22:20:38] Merging 1 fragment for 'jsdoc_has_new_parameter'.
[2025-07-09 22:20:38] Merged 35 bytes for 'jsdoc_has_new_parameter'.
[2025-07-09 22:20:38] Merging 1 fragment for 'properties'.
[2025-07-09 22:20:38] Merged 3062 bytes (2.99 KiB) for 'properties'.
[2025-07-09 22:20:38] Merging 1 fragment for 'regexpterm'.
[2025-07-09 22:20:38] Merged 3733 bytes (3.65 KiB) for 'regexpterm'.
[2025-07-09 22:20:38] Merging 1 fragment for 'regexp_const_value'.
[2025-07-09 22:20:38] Merged 1586 bytes (1.55 KiB) for 'regexp_const_value'.
[2025-07-09 22:20:38] Merging 1 fragment for 'guard_node'.
[2025-07-09 22:20:38] Merged 2121 bytes (2.07 KiB) for 'guard_node'.
[2025-07-09 22:20:38] Merging 1 fragment for 'is_module'.
[2025-07-09 22:20:38] Merged 147 bytes for 'is_module'.
[2025-07-09 22:20:38] Merging 1 fragment for 'is_nodejs'.
[2025-07-09 22:20:38] Merged 147 bytes for 'is_nodejs'.
[2025-07-09 22:20:38] Merging 1 fragment for 'array_size'.
[2025-07-09 22:20:38] Merged 109 bytes for 'array_size'.
[2025-07-09 22:20:38] Merging 1 fragment for 'is_capture'.
[2025-07-09 22:20:38] Merged 42 bytes for 'is_capture'.
[2025-07-09 22:20:38] Merging 1 fragment for 'is_greedy'.
[2025-07-09 22:20:38] Merged 38 bytes for 'is_greedy'.
[2025-07-09 22:20:38] Merging 1 fragment for 'range_quantifier_lower_bound'.
[2025-07-09 22:20:38] Merged 39 bytes for 'range_quantifier_lower_bound'.
[2025-07-09 22:20:38] Merging 1 fragment for 'range_quantifier_upper_bound'.
[2025-07-09 22:20:38] Merged 39 bytes for 'range_quantifier_upper_bound'.
[2025-07-09 22:20:38] Merging 1 fragment for 'is_computed'.
[2025-07-09 22:20:38] Merged 43 bytes for 'is_computed'.
[2025-07-09 22:20:38] Merging 1 fragment for 'jump_targets'.
[2025-07-09 22:20:38] Merged 33 bytes for 'jump_targets'.
[2025-07-09 22:20:38] Merging 1 fragment for 'sourceLocationPrefix'.
[2025-07-09 22:20:38] Merged 19 bytes for 'sourceLocationPrefix'.
[2025-07-09 22:20:38] Saving string and id pools to disk.
[2025-07-09 22:20:38] Finished importing TRAP files.
[2025-07-09 22:20:38] Read 48.26 MiB of uncompressed TRAP data.
[2025-07-09 22:20:38] Uncompressed relation data size: 14.94 MiB
[2025-07-09 22:20:38] Relation data size: 3.43 MiB (merge rate: 6.43 MiB/s)
[2025-07-09 22:20:38] String pool size: 4.78 MiB
[2025-07-09 22:20:38] ID pool size: 13.00 MiB
[2025-07-09 22:20:38] [PROGRESS] dataset import> Finished writing database (relations: 3.43 MiB; string pool: 4.78 MiB).
[2025-07-09 22:20:38] Pausing evaluation to close the cache at sequence stamp o+121
[2025-07-09 22:20:38] The disk cache is freshly trimmed; leave it be.
[2025-07-09 22:20:38] Unpausing evaluation
[2025-07-09 22:20:38] Plumbing command codeql dataset import completed.
[2025-07-09 22:20:38] [PROGRESS] database finalize> TRAP import complete (3.5s).
[2025-07-09 22:20:38] Running plumbing command: codeql database cleanup -- D:\codeSec\database\prototype\prototype-db
[2025-07-09 22:20:38] [PROGRESS] database cleanup> Cleaning up existing TRAP files after import...
[2025-07-09 22:20:38] [PROGRESS] database cleanup> TRAP files cleaned up (44ms).
[2025-07-09 22:20:38] [PROGRESS] database cleanup> Cleaning up scratch directory...
[2025-07-09 22:20:38] [PROGRESS] database cleanup> Scratch directory cleaned up (1ms).
[2025-07-09 22:20:38] Running plumbing command: codeql dataset cleanup -- D:\codeSec\database\prototype\prototype-db\db-javascript
[2025-07-09 22:20:38] [PROGRESS] dataset cleanup> Cleaning up dataset in D:\codeSec\database\prototype\prototype-db\db-javascript.
[2025-07-09 22:20:38] Trimming disk cache at D:\codeSec\database\prototype\prototype-db\db-javascript\default\cache in mode trim.
[2025-07-09 22:20:38] Sequence stamp origin is -6028814503140186311
[2025-07-09 22:20:38] Pausing evaluation to quickly trim memory at sequence stamp o+0
[2025-07-09 22:20:38] Unpausing evaluation
[2025-07-09 22:20:38] Pausing evaluation to zealously trim disk at sequence stamp o+1
[2025-07-09 22:20:38] Unpausing evaluation
[2025-07-09 22:20:38] Trimming completed (6ms): Trimmed disposable data from cache.
[2025-07-09 22:20:38] Pausing evaluation to close the cache at sequence stamp o+2
[2025-07-09 22:20:38] The disk cache is freshly trimmed; leave it be.
[2025-07-09 22:20:38] Unpausing evaluation
[2025-07-09 22:20:38] [PROGRESS] dataset cleanup> Trimmed disposable data from cache.
[2025-07-09 22:20:38] [PROGRESS] dataset cleanup> Finalizing dataset in D:\codeSec\database\prototype\prototype-db\db-javascript
[2025-07-09 22:20:38] [DETAILS] dataset cleanup> Finished deleting ID pool from D:\codeSec\database\prototype\prototype-db\db-javascript (7ms).
[2025-07-09 22:20:38] Plumbing command codeql dataset cleanup completed.
[2025-07-09 22:20:38] Plumbing command codeql database cleanup completed with status 0.
[2025-07-09 22:20:38] [PROGRESS] database finalize> Finished zipping source archive (275.53 KiB).
[2025-07-09 22:20:38] Plumbing command codeql database finalize completed.
[2025-07-09 22:20:38] [PROGRESS] database create> Successfully created database at D:\codeSec\database\prototype\prototype-db.
[2025-07-09 22:20:38] Terminating normally.
